<?xml version="1.0" encoding="UTF-8"?>
<testsuite name="com.wundermancommerce.interviewtests.graph.RelationshipMapperTest" tests="3" skipped="0" failures="0" errors="0" timestamp="2021-08-01T12:45:01" hostname="DESKTOP-0A621VV" time="0.059">
  <properties/>
  <testcase name="testGetExtendedFamily" classname="com.wundermancommerce.interviewtests.graph.RelationshipMapperTest" time="0.054"/>
  <testcase name="testGetAllPeople" classname="com.wundermancommerce.interviewtests.graph.RelationshipMapperTest" time="0.001"/>
  <testcase name="testGetRelationshipCount" classname="com.wundermancommerce.interviewtests.graph.RelationshipMapperTest" time="0.002"/>
  <system-out><![CDATA[Person(name=Bob, email=bob@bob.com, age=31)
Person(name=Finn, email=finn@gmail.com, age=15)
Person(name=Amber, email=amber@gmail.com, age=12)
Person(name=Anna, email=anna@clothes.com, age=25)
Person(name=Jenny, email=jenny@toys.com, age=52)
Person(name=Kerry, email=kerry@oilcompany.org, age=29)
Person(name=Pete, email=pete@timber.com, age=57)
Person(name=Dave, email=dave@dentists.com, age=49)
]]></system-out>
  <system-err><![CDATA[]]></system-err>
</testsuite>
